[2026-03-18 14:42:14] 开始完整备份 [full] ...
[2026-03-18 14:42:14] 待备份文件数: 786
[2026-03-18 14:42:14] 进度: 50/786 ...
[2026-03-18 14:42:15] 进度: 100/786 ...
[2026-03-18 14:42:15] 进度: 150/786 ...
[2026-03-18 14:42:15] 进度: 200/786 ...
[2026-03-18 14:42:15] ❌ 源不存在: /root/.openclaw/workspace/agents/master/memory/master/tasks/active/task_20260317_comprehensive_fix.json
[2026-03-18 14:42:15] ❌ 源不存在: /root/.openclaw/workspace/agents/master/memory/master/tasks/active/task_20260317_guardian_modular.json
[2026-03-18 14:42:15] 进度: 250/786 ...
[2026-03-18 14:42:16] 进度: 300/786 ...
[2026-03-18 14:42:16] 进度: 350/786 ...
[2026-03-18 14:42:16] 进度: 400/786 ...
[2026-03-18 14:42:17] 进度: 450/786 ...
[2026-03-18 14:42:17] 进度: 500/786 ...
[2026-03-18 14:42:17] 进度: 550/786 ...
[2026-03-18 14:42:17] 进度: 600/786 ...
[2026-03-18 14:42:18] 进度: 650/786 ...
[2026-03-18 14:42:18] 进度: 700/786 ...
[2026-03-18 14:42:18] 进度: 750/786 ...
[2026-03-18 14:42:18] 文件复制完成: 784 成功, 2 失败
[2026-03-18 14:42:18] 创建归档: /root/.openclaw/backups-unified/full/full_20260318_144214.tar.gz
[2026-03-18 14:42:19] 生成 manifest...
[2026-03-18 14:42:22] ✅ 完整备份完成: /root/.openclaw/backups-unified/full/full_20260318_144214.tar.gz
[2026-03-18 14:42:22] ✅ Manifest: /root/.openclaw/backups-unified/manifest_20260318_144214.json
[2026-03-18 14:42:22] 备份统计: 784 文件, 1.1M 大小
