[0;32m[INFO][0m Starting unified backup - 20260317_120002 (type: config)
[0;32m[INFO][0m Cleaning up 1 old backups in /root/.openclaw/backups-unified/config (keeping 4)
[0;32m[INFO][0m Unified backup completed! Retention: 4 backups per category
[0;32m[INFO][0m Starting unified backup - 20260318_013001 (type: memory)
[0;32m[INFO][0m Initializing Git repository...
Initialized empty Git repository in /root/.openclaw/backups-unified/.git/
[0;32m[INFO][0m ✓ No new backups, skipping push
[0;32m[INFO][0m Unified backup completed! Retention: 4 backups per category
[0;32m[INFO][0m Starting unified backup - 20260318_030001 (type: full)
[0;32m[INFO][0m Cleaning up 1 old backups in /root/.openclaw/backups-unified/config (keeping 4)
[0;32m[INFO][0m Unified backup completed! Retention: 4 backups per category
[0;32m[INFO][0m Starting unified backup - 20260318_120001 (type: config)
[0;32m[INFO][0m Cleaning up 1 old backups in /root/.openclaw/backups-unified/config (keeping 4)
[0;32m[INFO][0m Unified backup completed! Retention: 4 backups per category
[0;32m[INFO][0m Starting unified backup - 20260319_013001 (type: memory)
[0;32m[INFO][0m ✓ No new backups, skipping push
[0;32m[INFO][0m Unified backup completed! Retention: 4 backups per category
[0;32m[INFO][0m Starting unified backup - 20260319_030001 (type: full)
[0;32m[INFO][0m Cleaning up 1 old backups in /root/.openclaw/backups-unified/config (keeping 4)
[0;32m[INFO][0m Unified backup completed! Retention: 4 backups per category
[0;32m[INFO][0m Starting unified backup - 20260319_120001 (type: config)
[0;32m[INFO][0m Cleaning up 2 old backups in /root/.openclaw/backups-unified/config (keeping 4)
[0;32m[INFO][0m Unified backup completed! Retention: 4 backups per category
[0;32m[INFO][0m Starting unified backup - 20260320_013002 (type: memory)
[0;32m[INFO][0m ✓ No new backups, skipping push
[0;32m[INFO][0m Unified backup completed! Retention: 4 backups per category
[0;32m[INFO][0m Starting unified backup - 20260320_030001 (type: full)
[0;32m[INFO][0m Backing up agent: main
[0;32m[INFO][0m Cleaning up 1 old backups in /root/.openclaw/backups-unified/config (keeping 4)
[0;32m[INFO][0m Cleaning up 1 old backups in /root/.openclaw/backups-unified/system (keeping 4)
[0;32m[INFO][0m Unified backup completed! Retention: 4 backups per category
[0;32m[INFO][0m Starting unified backup - 20260320_120002 (type: config)
[0;32m[INFO][0m Cleaning up 2 old backups in /root/.openclaw/backups-unified/config (keeping 4)
[0;32m[INFO][0m Unified backup completed! Retention: 4 backups per category
[0;32m[INFO][0m Starting unified backup - 20260321_013001 (type: memory)
[main (root-commit) acfc324] 📦 Unified backup 20260321_013001 (4-retention policy)
 54 files changed, 0 insertions(+), 0 deletions(-)
 create mode 100644 agents/main_20260320_030001.tar.gz
 create mode 100644 config/config_20260320_030001.tar.gz
 create mode 100644 config/config_20260320_120002.tar.gz
 create mode 100644 config/config_agent_master_20260319_120001.tar.gz
 create mode 100644 config/config_agent_master_20260320_120002.tar.gz
 create mode 100644 memory/memory_analysis_20260319_080641.tar.gz
 create mode 100644 memory/memory_analysis_20260319_080647.tar.gz
 create mode 100644 memory/memory_analysis_20260320_013002.tar.gz
 create mode 100644 memory/memory_analysis_20260321_013001.tar.gz
 create mode 100644 memory/memory_assistant_20260319_080641.tar.gz
 create mode 100644 memory/memory_assistant_20260319_080647.tar.gz
 create mode 100644 memory/memory_assistant_20260320_013002.tar.gz
 create mode 100644 memory/memory_assistant_20260321_013001.tar.gz
 create mode 100644 memory/memory_backup_20260319_080641.tar.gz
 create mode 100644 memory/memory_backup_20260319_080647.tar.gz
 create mode 100644 memory/memory_backup_20260320_013002.tar.gz
 create mode 100644 memory/memory_backup_20260321_013001.tar.gz
 create mode 100644 memory/memory_customer-service_20260319_080641.tar.gz
 create mode 100644 memory/memory_customer-service_20260319_080647.tar.gz
 create mode 100644 memory/memory_customer-service_20260320_013002.tar.gz
 create mode 100644 memory/memory_customer-service_20260321_013001.tar.gz
 create mode 100644 memory/memory_database-manager_20260319_080641.tar.gz
 create mode 100644 memory/memory_database-manager_20260319_080647.tar.gz
 create mode 100644 memory/memory_database-manager_20260320_013002.tar.gz
 create mode 100644 memory/memory_database-manager_20260321_013001.tar.gz
 create mode 100644 memory/memory_file-processor_20260319_080641.tar.gz
 create mode 100644 memory/memory_file-processor_20260319_080647.tar.gz
 create mode 100644 memory/memory_file-processor_20260320_013002.tar.gz
 create mode 100644 memory/memory_file-processor_20260321_013001.tar.gz
 create mode 100644 memory/memory_master_20260319_080641.tar.gz
 create mode 100644 memory/memory_master_20260319_080647.tar.gz
 create mode 100644 memory/memory_master_20260320_013002.tar.gz
 create mode 100644 memory/memory_master_20260321_013001.tar.gz
 create mode 100644 memory/memory_memory-manager_20260319_080641.tar.gz
 create mode 100644 memory/memory_memory-manager_20260319_080647.tar.gz
 create mode 100644 memory/memory_memory-manager_20260320_013002.tar.gz
 create mode 100644 memory/memory_memory-manager_20260321_013001.tar.gz
 create mode 100644 memory/memory_monitoring_20260319_080641.tar.gz
 create mode 100644 memory/memory_monitoring_20260319_080647.tar.gz
 create mode 100644 memory/memory_monitoring_20260320_013002.tar.gz
 create mode 100644 memory/memory_monitoring_20260321_013001.tar.gz
 create mode 100644 memory/memory_server-maintenance_20260319_080641.tar.gz
 create mode 100644 memory/memory_server-maintenance_20260319_080647.tar.gz
 create mode 100644 memory/memory_server-maintenance_20260320_013002.tar.gz
 create mode 100644 memory/memory_server-maintenance_20260321_013001.tar.gz
 create mode 100644 memory/memory_shared_20260319_080641.tar.gz
 create mode 100644 memory/memory_shared_20260319_080647.tar.gz
 create mode 100644 memory/memory_shared_20260320_013002.tar.gz
 create mode 100644 memory/memory_shared_20260321_013001.tar.gz
 create mode 100644 system/pre_migration_20260317_120831.tar.gz
 create mode 100644 system/system_20260318_030001.tar.gz
 create mode 100644 system/system_20260319_030001.tar.gz
 create mode 100644 system/system_20260319_080650.tar.gz
 create mode 100644 system/system_20260320_030001.tar.gz
ERROR: Repository not found.
fatal: Could not read from remote repository.

Please make sure you have the correct access rights
and the repository exists.
[0;32m[INFO][0m ⚠ GitHub push failed (network or SSH key issue)
[0;32m[INFO][0m Unified backup completed! Retention: 4 backups per category
[0;32m[INFO][0m Starting unified backup - 20260321_030001 (type: full)
[0;32m[INFO][0m Backing up agent: main
[0;32m[INFO][0m Cleaning up 1 old backups in /root/.openclaw/backups-unified/config (keeping 4)
[0;32m[INFO][0m Cleaning up 1 old backups in /root/.openclaw/backups-unified/system (keeping 4)
[0;32m[INFO][0m Unified backup completed! Retention: 4 backups per category
[0;32m[INFO][0m Starting unified backup - 20260321_120001 (type: config)
[0;32m[INFO][0m Cleaning up 2 old backups in /root/.openclaw/backups-unified/config (keeping 4)
[0;32m[INFO][0m Unified backup completed! Retention: 4 backups per category
[0;32m[INFO][0m Starting unified backup - 20260322_013001 (type: memory)
[0;32m[INFO][0m Cleaning up 1 old backups in /root/.openclaw/backups-unified/memory (keeping 4)
[0;32m[INFO][0m Cleaning up 1 old backups in /root/.openclaw/backups-unified/memory (keeping 4)
[0;32m[INFO][0m Cleaning up 1 old backups in /root/.openclaw/backups-unified/memory (keeping 4)
[0;32m[INFO][0m Cleaning up 1 old backups in /root/.openclaw/backups-unified/memory (keeping 4)
[0;32m[INFO][0m Cleaning up 1 old backups in /root/.openclaw/backups-unified/memory (keeping 4)
[0;32m[INFO][0m Cleaning up 1 old backups in /root/.openclaw/backups-unified/memory (keeping 4)
[0;32m[INFO][0m Cleaning up 1 old backups in /root/.openclaw/backups-unified/memory (keeping 4)
[0;32m[INFO][0m Cleaning up 1 old backups in /root/.openclaw/backups-unified/memory (keeping 4)
[0;32m[INFO][0m Cleaning up 1 old backups in /root/.openclaw/backups-unified/memory (keeping 4)
[0;32m[INFO][0m Cleaning up 1 old backups in /root/.openclaw/backups-unified/memory (keeping 4)
[0;32m[INFO][0m Cleaning up 1 old backups in /root/.openclaw/backups-unified/memory (keeping 4)
[main 7a07303] 📦 Unified backup 20260322_013001 (4-retention policy)
 16 files changed, 0 insertions(+), 0 deletions(-)
 create mode 100644 agents/main_20260321_030001.tar.gz
 create mode 100644 config/config_20260321_030001.tar.gz
 create mode 100644 config/config_20260321_120001.tar.gz
 create mode 100644 config/config_agent_master_20260321_120001.tar.gz
 create mode 100644 memory/memory_analysis_20260322_013001.tar.gz
 create mode 100644 memory/memory_assistant_20260322_013001.tar.gz
 create mode 100644 memory/memory_backup_20260322_013001.tar.gz
 create mode 100644 memory/memory_customer-service_20260322_013001.tar.gz
 create mode 100644 memory/memory_database-manager_20260322_013001.tar.gz
 create mode 100644 memory/memory_file-processor_20260322_013001.tar.gz
 create mode 100644 memory/memory_master_20260322_013001.tar.gz
 create mode 100644 memory/memory_memory-manager_20260322_013001.tar.gz
 create mode 100644 memory/memory_monitoring_20260322_013001.tar.gz
 create mode 100644 memory/memory_server-maintenance_20260322_013001.tar.gz
 create mode 100644 memory/memory_shared_20260322_013001.tar.gz
 create mode 100644 system/system_20260321_030001.tar.gz
ERROR: Repository not found.
fatal: Could not read from remote repository.

Please make sure you have the correct access rights
and the repository exists.
[0;32m[INFO][0m ⚠ GitHub push failed (network or SSH key issue)
[0;32m[INFO][0m Unified backup completed! Retention: 4 backups per category
[0;32m[INFO][0m Starting unified backup - 20260322_030001 (type: full)
[0;32m[INFO][0m Backing up agent: main
[0;32m[INFO][0m Cleaning up 1 old backups in /root/.openclaw/backups-unified/config (keeping 4)
[0;32m[INFO][0m Cleaning up 1 old backups in /root/.openclaw/backups-unified/system (keeping 4)
[0;32m[INFO][0m Unified backup completed! Retention: 4 backups per category
[0;32m[INFO][0m Starting unified backup - 20260322_120001 (type: config)
[0;32m[INFO][0m Cleaning up 2 old backups in /root/.openclaw/backups-unified/config (keeping 4)
[0;32m[INFO][0m Unified backup completed! Retention: 4 backups per category
[0;32m[INFO][0m Starting unified backup - 20260323_013001 (type: memory)
[0;32m[INFO][0m Cleaning up 1 old backups in /root/.openclaw/backups-unified/memory (keeping 4)
[0;32m[INFO][0m Cleaning up 1 old backups in /root/.openclaw/backups-unified/memory (keeping 4)
[0;32m[INFO][0m Cleaning up 1 old backups in /root/.openclaw/backups-unified/memory (keeping 4)
[0;32m[INFO][0m Cleaning up 1 old backups in /root/.openclaw/backups-unified/memory (keeping 4)
[0;32m[INFO][0m Cleaning up 1 old backups in /root/.openclaw/backups-unified/memory (keeping 4)
[0;32m[INFO][0m Cleaning up 1 old backups in /root/.openclaw/backups-unified/memory (keeping 4)
[0;32m[INFO][0m Cleaning up 1 old backups in /root/.openclaw/backups-unified/memory (keeping 4)
[0;32m[INFO][0m Cleaning up 1 old backups in /root/.openclaw/backups-unified/memory (keeping 4)
[0;32m[INFO][0m Cleaning up 1 old backups in /root/.openclaw/backups-unified/memory (keeping 4)
[0;32m[INFO][0m Cleaning up 1 old backups in /root/.openclaw/backups-unified/memory (keeping 4)
[0;32m[INFO][0m Cleaning up 1 old backups in /root/.openclaw/backups-unified/memory (keeping 4)
[main 693a910] 📦 Unified backup 20260323_013001 (4-retention policy)
 16 files changed, 0 insertions(+), 0 deletions(-)
 create mode 100644 agents/main_20260322_030001.tar.gz
 create mode 100644 config/config_20260322_030001.tar.gz
 create mode 100644 config/config_20260322_120001.tar.gz
 create mode 100644 config/config_agent_master_20260322_120001.tar.gz
 create mode 100644 memory/memory_analysis_20260323_013001.tar.gz
 create mode 100644 memory/memory_assistant_20260323_013001.tar.gz
 create mode 100644 memory/memory_backup_20260323_013001.tar.gz
 create mode 100644 memory/memory_customer-service_20260323_013001.tar.gz
 create mode 100644 memory/memory_database-manager_20260323_013001.tar.gz
 create mode 100644 memory/memory_file-processor_20260323_013001.tar.gz
 create mode 100644 memory/memory_master_20260323_013001.tar.gz
 create mode 100644 memory/memory_memory-manager_20260323_013001.tar.gz
 create mode 100644 memory/memory_monitoring_20260323_013001.tar.gz
 create mode 100644 memory/memory_server-maintenance_20260323_013001.tar.gz
 create mode 100644 memory/memory_shared_20260323_013001.tar.gz
 create mode 100644 system/system_20260322_030001.tar.gz
ERROR: Repository not found.
fatal: Could not read from remote repository.

Please make sure you have the correct access rights
and the repository exists.
[0;32m[INFO][0m ⚠ GitHub push failed (network or SSH key issue)
[0;32m[INFO][0m Unified backup completed! Retention: 4 backups per category
[0;32m[INFO][0m Starting unified backup - 20260323_030001 (type: full)
[0;32m[INFO][0m Backing up agent: main
[0;32m[INFO][0m Cleaning up 1 old backups in /root/.openclaw/backups-unified/config (keeping 4)
[0;32m[INFO][0m Cleaning up 1 old backups in /root/.openclaw/backups-unified/system (keeping 4)
[0;32m[INFO][0m Unified backup completed! Retention: 4 backups per category
[0;32m[INFO][0m Starting unified backup - 20260323_120001 (type: config)
[0;32m[INFO][0m Cleaning up 2 old backups in /root/.openclaw/backups-unified/config (keeping 4)
[0;32m[INFO][0m Unified backup completed! Retention: 4 backups per category
[0;32m[INFO][0m Starting unified backup - 20260324_013001 (type: memory)
[main 0c26123] 📦 Unified backup 20260324_013001 (4-retention policy)
 11 files changed, 0 insertions(+), 0 deletions(-)
 create mode 100644 memory/memory_analysis_20260324_013001.tar.gz
 create mode 100644 memory/memory_assistant_20260324_013001.tar.gz
 create mode 100644 memory/memory_backup_20260324_013001.tar.gz
 create mode 100644 memory/memory_customer-service_20260324_013001.tar.gz
 create mode 100644 memory/memory_database-manager_20260324_013001.tar.gz
 create mode 100644 memory/memory_file-processor_20260324_013001.tar.gz
 create mode 100644 memory/memory_master_20260324_013001.tar.gz
 create mode 100644 memory/memory_memory-manager_20260324_013001.tar.gz
 create mode 100644 memory/memory_monitoring_20260324_013001.tar.gz
 create mode 100644 memory/memory_server-maintenance_20260324_013001.tar.gz
 create mode 100644 memory/memory_shared_20260324_013001.tar.gz
remote: warning: See https://gh.io/lfs for more information.        
remote: warning: File system/pre_migration_20260317_120831.tar.gz is 90.81 MB; this is larger than GitHub's recommended maximum file size of 50.00 MB        
remote: warning: GH001: Large files detected. You may want to try Git Large File Storage - https://git-lfs.github.com.        
remote: error: GH013: Repository rule violations found for refs/heads/main.        
remote: 
remote: - GITHUB PUSH PROTECTION        
remote:   —————————————————————————————————————————        
remote:     Resolve the following violations before pushing again        
remote: 
remote:     - Push cannot contain secrets        
remote: 
remote:             
remote:      (?) Learn how to resolve a blocked push        
remote:      https://docs.github.com/code-security/secret-scanning/working-with-secret-scanning-and-push-protection/working-with-push-protection-from-the-command-line#resolving-a-blocked-push        
remote:             
remote:             
remote:       —— GitHub Personal Access Token ——————————————————————        
remote:        locations:        
remote:          - commit: acb3150b8962d69db8785c7175657b7bd5f77de9        
remote:            path: migration/2026-03-17/config/github-credentials.txt:13        
remote:             
remote:        (?) To push, remove secret from commit(s) or follow this URL to allow the secret.        
remote:        https://github.com/ybkin1/ybkin1_openclaw_bak/security/secret-scanning/unblock-secret/3BLRYMz9lrnLYZiTVYDI9kfwZlb        
remote:             
remote: 
remote: 
To github.com:ybkin1/ybkin1_openclaw_bak.git
 ! [remote rejected] main -> main (push declined due to repository rule violations)
error: failed to push some refs to 'github.com:ybkin1/ybkin1_openclaw_bak.git'
[0;32m[INFO][0m ⚠ GitHub push failed (network or SSH key issue)
[0;32m[INFO][0m Unified backup completed! Retention: 4 backups per category
[0;32m[INFO][0m Starting unified backup - 20260324_030001 (type: full)
[0;32m[INFO][0m Backing up agent: main
[0;32m[INFO][0m Cleaning up 1 old backups in /root/.openclaw/backups-unified/agents (keeping 4)
[0;32m[INFO][0m Cleaning up 12 old backups in /root/.openclaw/backups-unified/memory (keeping 4)
[0;32m[INFO][0m Cleaning up 1 old backups in /root/.openclaw/backups-unified/config (keeping 4)
[0;32m[INFO][0m Cleaning up 1 old backups in /root/.openclaw/backups-unified/system (keeping 4)
[0;32m[INFO][0m Unified backup completed! Retention: 4 backups per category
[0;32m[INFO][0m Starting unified backup - 20260324_120001 (type: config)
[0;32m[INFO][0m Cleaning up 2 old backups in /root/.openclaw/backups-unified/config (keeping 4)
[0;32m[INFO][0m Unified backup completed! Retention: 4 backups per category
[0;32m[INFO][0m Starting unified backup - openclaw_bak_20260324_192156 (type: full)
[0;32m[INFO][0m Backing up agent: analysis
[0;32m[INFO][0m Backing up agent: assistant
[0;32m[INFO][0m Backing up agent: backup
[0;32m[INFO][0m Backing up agent: customer-service
[0;32m[INFO][0m Backing up agent: database-manager
[0;32m[INFO][0m Backing up agent: file-processor
[0;32m[INFO][0m Backing up agent: memory-manager
[0;32m[INFO][0m Backing up agent: monitoring
[0;32m[INFO][0m Backing up agent: server-maintenance
[0;32m[INFO][0m Backing up agent: main
[0;32m[INFO][0m Cleaning up 1 old backup bundles (keeping 4 latest)
[0;32m[INFO][0m Deleting: openclaw_bak_20260324_191453
[main 4ba12bb] 📦 Backup bundle: openclaw_bak_20260324_192156 (retention: 4)
 26 files changed, 0 insertions(+), 0 deletions(-)
 create mode 100644 openclaw_bak_20260324_192156/agents/analysis_20260324_192156.tar.gz
 create mode 100644 openclaw_bak_20260324_192156/agents/assistant_20260324_192156.tar.gz
 create mode 100644 openclaw_bak_20260324_192156/agents/backup_20260324_192156.tar.gz
 create mode 100644 openclaw_bak_20260324_192156/agents/customer-service_20260324_192156.tar.gz
 create mode 100644 openclaw_bak_20260324_192156/agents/database-manager_20260324_192156.tar.gz
 create mode 100644 openclaw_bak_20260324_192156/agents/file-processor_20260324_192156.tar.gz
 create mode 100644 openclaw_bak_20260324_192156/agents/main_20260324_192156.tar.gz
 create mode 100644 openclaw_bak_20260324_192156/agents/memory-manager_20260324_192156.tar.gz
 create mode 100644 openclaw_bak_20260324_192156/agents/monitoring_20260324_192156.tar.gz
 create mode 100644 openclaw_bak_20260324_192156/agents/server-maintenance_20260324_192156.tar.gz
 create mode 100644 openclaw_bak_20260324_192156/config/config_20260324_192156.tar.gz
 create mode 100644 openclaw_bak_20260324_192156/config/config_agent_master_20260324_192156.tar.gz
 create mode 100644 openclaw_bak_20260324_192156/memory/memory_analysis_20260324_192156.tar.gz
 create mode 100644 openclaw_bak_20260324_192156/memory/memory_assistant_20260324_192156.tar.gz
 create mode 100644 openclaw_bak_20260324_192156/memory/memory_backup_20260324_192156.tar.gz
 create mode 100644 openclaw_bak_20260324_192156/memory/memory_customer-service_20260324_192156.tar.gz
 create mode 100644 openclaw_bak_20260324_192156/memory/memory_database-manager_20260324_192156.tar.gz
 create mode 100644 openclaw_bak_20260324_192156/memory/memory_file-processor_20260324_192156.tar.gz
 create mode 100644 openclaw_bak_20260324_192156/memory/memory_main_20260324_192156.tar.gz
 create mode 100644 openclaw_bak_20260324_192156/memory/memory_master_20260324_192156.tar.gz
 create mode 100644 openclaw_bak_20260324_192156/memory/memory_memory-manager_20260324_192156.tar.gz
 create mode 100644 openclaw_bak_20260324_192156/memory/memory_monitoring_20260324_192156.tar.gz
 create mode 100644 openclaw_bak_20260324_192156/memory/memory_server-maintenance_20260324_192156.tar.gz
 create mode 100644 openclaw_bak_20260324_192156/memory/memory_shared_20260324_192156.tar.gz
 create mode 100644 openclaw_bak_20260324_192156/system/system_20260324_192156.tar.gz
 create mode 100644 openclaw_bak_20260324_192156/system/systemd_overrides_20260324_192156.tar.gz
To github.com:ybkin1/ybkin1_openclaw_bak.git
   395f92c..4ba12bb  main -> main
[0;32m[INFO][0m ✓ GitHub sync successful
[0;32m[INFO][0m Unified backup completed! Bundle: /root/.openclaw/backups-unified/openclaw_bak_20260324_192156 (retain latest 4 bundles)
[0;32m[INFO][0m Starting unified backup - openclaw_bak_20260325_033001 (type: full)
[0;32m[INFO][0m Backing up agent: analysis
[0;32m[INFO][0m Backing up agent: assistant
[0;32m[INFO][0m Backing up agent: backup
[0;32m[INFO][0m Backing up agent: customer-service
[0;32m[INFO][0m Backing up agent: database-manager
[0;32m[INFO][0m Backing up agent: file-processor
[0;32m[INFO][0m Backing up agent: memory-manager
[0;32m[INFO][0m Backing up agent: monitoring
[0;32m[INFO][0m Backing up agent: server-maintenance
[0;32m[INFO][0m Backing up agent: main
[0;32m[INFO][0m Cleaning up 1 old backup bundles (keeping 4 latest)
[0;32m[INFO][0m Deleting: openclaw_bak_20260324_192156
[main 42b9a60] 📦 Backup bundle: openclaw_bak_20260325_033001 (retention: 4)
 27 files changed, 235 insertions(+)
 create mode 100644 openclaw_bak_20260325_033001/agents/analysis_20260325_033001.tar.gz
 create mode 100644 openclaw_bak_20260325_033001/agents/assistant_20260325_033001.tar.gz
 create mode 100644 openclaw_bak_20260325_033001/agents/backup_20260325_033001.tar.gz
 create mode 100644 openclaw_bak_20260325_033001/agents/customer-service_20260325_033001.tar.gz
 create mode 100644 openclaw_bak_20260325_033001/agents/database-manager_20260325_033001.tar.gz
 create mode 100644 openclaw_bak_20260325_033001/agents/file-processor_20260325_033001.tar.gz
 create mode 100644 openclaw_bak_20260325_033001/agents/main_20260325_033001.tar.gz
 create mode 100644 openclaw_bak_20260325_033001/agents/memory-manager_20260325_033001.tar.gz
 create mode 100644 openclaw_bak_20260325_033001/agents/monitoring_20260325_033001.tar.gz
 create mode 100644 openclaw_bak_20260325_033001/agents/server-maintenance_20260325_033001.tar.gz
 create mode 100755 openclaw_bak_20260325_033001/config/backup-manager.sh
 create mode 100644 openclaw_bak_20260325_033001/config/config_20260325_033001.tar.gz
 create mode 100644 openclaw_bak_20260325_033001/config/config_agent_master_20260325_033001.tar.gz
 create mode 100644 openclaw_bak_20260325_033001/memory/memory_analysis_20260325_033001.tar.gz
 create mode 100644 openclaw_bak_20260325_033001/memory/memory_assistant_20260325_033001.tar.gz
 create mode 100644 openclaw_bak_20260325_033001/memory/memory_backup_20260325_033001.tar.gz
 create mode 100644 openclaw_bak_20260325_033001/memory/memory_customer-service_20260325_033001.tar.gz
 create mode 100644 openclaw_bak_20260325_033001/memory/memory_database-manager_20260325_033001.tar.gz
 create mode 100644 openclaw_bak_20260325_033001/memory/memory_file-processor_20260325_033001.tar.gz
 create mode 100644 openclaw_bak_20260325_033001/memory/memory_main_20260325_033001.tar.gz
 create mode 100644 openclaw_bak_20260325_033001/memory/memory_master_20260325_033001.tar.gz
 create mode 100644 openclaw_bak_20260325_033001/memory/memory_memory-manager_20260325_033001.tar.gz
 create mode 100644 openclaw_bak_20260325_033001/memory/memory_monitoring_20260325_033001.tar.gz
 create mode 100644 openclaw_bak_20260325_033001/memory/memory_server-maintenance_20260325_033001.tar.gz
 create mode 100644 openclaw_bak_20260325_033001/memory/memory_shared_20260325_033001.tar.gz
 create mode 100644 openclaw_bak_20260325_033001/system/system_20260325_033001.tar.gz
 create mode 100644 openclaw_bak_20260325_033001/system/systemd_overrides_20260325_033001.tar.gz
To github.com:ybkin1/ybkin1_openclaw_bak.git
   2d1a4cc..42b9a60  main -> main
[0;32m[INFO][0m ✓ GitHub sync successful
[0;32m[INFO][0m Unified backup completed! Bundle: /root/.openclaw/backups-unified/openclaw_bak_20260325_033001 (retain latest 4 bundles)
[0;32m[INFO][0m Starting unified backup - openclaw_bak_20260326_033001 (type: full)
[0;32m[INFO][0m ⊘ 跳过 analysis (无变更)
[0;32m[INFO][0m 备份 assistant (检测到变更)
[0;32m[INFO][0m ⊘ 跳过 backup (无变更)
[0;32m[INFO][0m ⊘ 跳过 customer-service (无变更)
[0;32m[INFO][0m ⊘ 跳过 database-manager (无变更)
[0;32m[INFO][0m ⊘ 跳过 file-processor (无变更)
[0;32m[INFO][0m ⊘ 跳过 memory-manager (无变更)
[0;32m[INFO][0m ⊘ 跳过 monitoring (无变更)
[0;32m[INFO][0m ⊘ 跳过 server-maintenance (无变更)
[0;32m[INFO][0m ⊘ 跳过 main (无变更)
[0;32m[INFO][0m 备份身份认证和扩展配置...
[0;32m[INFO][0m ✓ identity/ 已备份
[0;32m[INFO][0m ✓ credentials/ 已备份
[0;32m[INFO][0m ✓ extensions/ 已备份（不含 node_modules）
[0;32m[INFO][0m ✓ SSH 密钥已备份
[0;32m[INFO][0m ✓ systemd 服务文件已备份
[0;32m[INFO][0m ✓ 迁移恢复脚本已备份
[0;32m[INFO][0m ✓ 迁移指南已备份
[0;32m[INFO][0m ✓ 恢复文档已备份
[0;32m[INFO][0m ✓ 迁移工具包已打包
[0;32m[INFO][0m 执行分级保留策略清理...
[0;32m[INFO][0m 保留策略：每日7份 + 每周4份 + 每月12份
[0;32m[INFO][0m 备份分类：每日8份，每周0份，每月0份
[0;32m[INFO][0m 清理 1 份超期的每日备份
[0;32m[INFO][0m 共删除 1 份备份
[0;32m[INFO][0m 删除：openclaw_bak_20260325_125837
[0;32m[INFO][0m Verifying backup integrity...
[0;32m[INFO][0m ✓ assistant_20260326_033001.tar.gz - OK
[0;32m[INFO][0m ✓ config_20260326_033001.tar.gz - OK
[0;32m[INFO][0m ✓ config_agent_master_20260326_033001.tar.gz - OK
[0;32m[INFO][0m ✓ credentials_20260326_033001.tar.gz - OK
[0;32m[INFO][0m ✓ extensions_20260326_033001.tar.gz - OK
[0;32m[INFO][0m ✓ identity_20260326_033001.tar.gz - OK
[0;32m[INFO][0m ✓ ssh_keys_20260326_033001.tar.gz - OK
[0;32m[INFO][0m ✓ systemd_services_20260326_033001.tar.gz - OK
[0;32m[INFO][0m ✓ memory_analysis_20260326_033001.tar.gz - OK
[0;32m[INFO][0m ✓ memory_assistant_20260326_033001.tar.gz - OK
[0;32m[INFO][0m ✓ memory_backup_20260326_033001.tar.gz - OK
[0;32m[INFO][0m ✓ memory_customer-service_20260326_033001.tar.gz - OK
[0;32m[INFO][0m ✓ memory_database-manager_20260326_033001.tar.gz - OK
[0;32m[INFO][0m ✓ memory_file-processor_20260326_033001.tar.gz - OK
[0;32m[INFO][0m ✓ memory_main_20260326_033001.tar.gz - OK
[0;32m[INFO][0m ✓ memory_master_20260326_033001.tar.gz - OK
[0;32m[INFO][0m ✓ memory_memory-manager_20260326_033001.tar.gz - OK
[0;32m[INFO][0m ✓ memory_monitoring_20260326_033001.tar.gz - OK
[0;32m[INFO][0m ✓ memory_server-maintenance_20260326_033001.tar.gz - OK
[0;32m[INFO][0m ✓ memory_shared_20260326_033001.tar.gz - OK
[0;32m[INFO][0m ✓ migration_scripts_20260326_033001.tar.gz - OK
[0;32m[INFO][0m ✓ crontab_20260326_033001.tar.gz - OK
[0;32m[INFO][0m ✓ system_20260326_033001.tar.gz - OK
[0;32m[INFO][0m ✓ systemd_overrides_20260326_033001.tar.gz - OK
[0;32m[INFO][0m 备份缓存已保存
[0;32m[INFO][0m 生成备份统计报告...
[0;32m[INFO][0m 统计报告已生成：/root/.openclaw/backups-unified/openclaw_bak_20260326_033001/backup-stats.json
[0;32m[INFO][0m Generating checksum manifest...
[0;32m[INFO][0m Backup verification PASSED: All files intact
[main 396a317] 📦 Backup bundle: openclaw_bak_20260326_033001 (graded retention: 7d/4w/12m)
 74 files changed, 5447 insertions(+)
 create mode 100644 openclaw_bak_20260325_190324/agents/analysis_20260325_190324.tar.gz
 create mode 100644 openclaw_bak_20260325_190324/agents/assistant_20260325_190324.tar.gz
 create mode 100644 openclaw_bak_20260325_190324/agents/backup_20260325_190324.tar.gz
 create mode 100644 openclaw_bak_20260325_190324/agents/customer-service_20260325_190324.tar.gz
 create mode 100644 openclaw_bak_20260325_190324/agents/database-manager_20260325_190324.tar.gz
 create mode 100644 openclaw_bak_20260325_190324/agents/file-processor_20260325_190324.tar.gz
 create mode 100644 openclaw_bak_20260325_190324/agents/memory-manager_20260325_190324.tar.gz
 create mode 100644 openclaw_bak_20260325_190324/agents/monitoring_20260325_190324.tar.gz
 create mode 100644 openclaw_bak_20260325_190324/agents/server-maintenance_20260325_190324.tar.gz
 create mode 100644 openclaw_bak_20260325_190324/backup-stats.json
 create mode 100644 openclaw_bak_20260325_190324/checksums.sha256
 create mode 100644 openclaw_bak_20260325_190324/config/.backup_cache.json
 create mode 100755 openclaw_bak_20260325_190324/config/backup-manager.sh
 create mode 100644 openclaw_bak_20260325_190324/config/config_20260325_190324.tar.gz
 create mode 100644 openclaw_bak_20260325_190324/config/config_agent_master_20260325_190324.tar.gz
 create mode 100644 openclaw_bak_20260325_190324/identity/credentials_20260325_190324.tar.gz
 create mode 100644 openclaw_bak_20260325_190324/identity/extensions_20260325_190324.tar.gz
 create mode 100644 openclaw_bak_20260325_190324/identity/identity_20260325_190324.tar.gz
 create mode 100644 openclaw_bak_20260325_190324/identity/ssh_keys_20260325_190324.tar.gz
 create mode 100644 openclaw_bak_20260325_190324/identity/systemd_services_20260325_190324.tar.gz
 create mode 100644 openclaw_bak_20260325_190324/memory/memory_analysis_20260325_190324.tar.gz
 create mode 100644 openclaw_bak_20260325_190324/memory/memory_assistant_20260325_190324.tar.gz
 create mode 100644 openclaw_bak_20260325_190324/memory/memory_backup_20260325_190324.tar.gz
 create mode 100644 openclaw_bak_20260325_190324/memory/memory_customer-service_20260325_190324.tar.gz
 create mode 100644 openclaw_bak_20260325_190324/memory/memory_database-manager_20260325_190324.tar.gz
 create mode 100644 openclaw_bak_20260325_190324/memory/memory_file-processor_20260325_190324.tar.gz
 create mode 100644 openclaw_bak_20260325_190324/memory/memory_main_20260325_190324.tar.gz
 create mode 100644 openclaw_bak_20260325_190324/memory/memory_master_20260325_190324.tar.gz
 create mode 100644 openclaw_bak_20260325_190324/memory/memory_memory-manager_20260325_190324.tar.gz
 create mode 100644 openclaw_bak_20260325_190324/memory/memory_monitoring_20260325_190324.tar.gz
 create mode 100644 openclaw_bak_20260325_190324/memory/memory_server-maintenance_20260325_190324.tar.gz
 create mode 100644 openclaw_bak_20260325_190324/memory/memory_shared_20260325_190324.tar.gz
 create mode 100644 openclaw_bak_20260325_190324/migration/MIGRATION-README.md
 create mode 100644 openclaw_bak_20260325_190324/migration/RESTORE.md
 create mode 100644 openclaw_bak_20260325_190324/migration/migration_scripts_20260325_190324.tar.gz
 create mode 100755 openclaw_bak_20260325_190324/migration/restore-from-github.sh
 create mode 100644 openclaw_bak_20260325_190324/system/crontab_20260325_190324.tar.gz
 create mode 100644 openclaw_bak_20260325_190324/system/crontab_20260325_190324.txt
 create mode 100755 openclaw_bak_20260325_190324/system/scripts/backup-manager.sh
 create mode 100644 openclaw_bak_20260325_190324/system/system_20260325_190324.tar.gz
 create mode 100644 openclaw_bak_20260325_190324/system/systemd_overrides_20260325_190324.tar.gz
 create mode 100644 openclaw_bak_20260326_033001/agents/assistant_20260326_033001.tar.gz
 create mode 100644 openclaw_bak_20260326_033001/backup-stats.json
 create mode 100644 openclaw_bak_20260326_033001/checksums.sha256
 create mode 100644 openclaw_bak_20260326_033001/config/.backup_cache.json
 create mode 100755 openclaw_bak_20260326_033001/config/backup-manager.sh
 create mode 100644 openclaw_bak_20260326_033001/config/config_20260326_033001.tar.gz
 create mode 100644 openclaw_bak_20260326_033001/config/config_agent_master_20260326_033001.tar.gz
 create mode 100644 openclaw_bak_20260326_033001/identity/credentials_20260326_033001.tar.gz
 create mode 100644 openclaw_bak_20260326_033001/identity/extensions_20260326_033001.tar.gz
 create mode 100644 openclaw_bak_20260326_033001/identity/identity_20260326_033001.tar.gz
 create mode 100644 openclaw_bak_20260326_033001/identity/ssh_keys_20260326_033001.tar.gz
 create mode 100644 openclaw_bak_20260326_033001/identity/systemd_services_20260326_033001.tar.gz
 create mode 100644 openclaw_bak_20260326_033001/memory/memory_analysis_20260326_033001.tar.gz
 create mode 100644 openclaw_bak_20260326_033001/memory/memory_assistant_20260326_033001.tar.gz
 create mode 100644 openclaw_bak_20260326_033001/memory/memory_backup_20260326_033001.tar.gz
 create mode 100644 openclaw_bak_20260326_033001/memory/memory_customer-service_20260326_033001.tar.gz
 create mode 100644 openclaw_bak_20260326_033001/memory/memory_database-manager_20260326_033001.tar.gz
 create mode 100644 openclaw_bak_20260326_033001/memory/memory_file-processor_20260326_033001.tar.gz
 create mode 100644 openclaw_bak_20260326_033001/memory/memory_main_20260326_033001.tar.gz
 create mode 100644 openclaw_bak_20260326_033001/memory/memory_master_20260326_033001.tar.gz
 create mode 100644 openclaw_bak_20260326_033001/memory/memory_memory-manager_20260326_033001.tar.gz
 create mode 100644 openclaw_bak_20260326_033001/memory/memory_monitoring_20260326_033001.tar.gz
 create mode 100644 openclaw_bak_20260326_033001/memory/memory_server-maintenance_20260326_033001.tar.gz
 create mode 100644 openclaw_bak_20260326_033001/memory/memory_shared_20260326_033001.tar.gz
 create mode 100644 openclaw_bak_20260326_033001/migration/MIGRATION-README.md
 create mode 100644 openclaw_bak_20260326_033001/migration/RESTORE.md
 create mode 100644 openclaw_bak_20260326_033001/migration/migration_scripts_20260326_033001.tar.gz
 create mode 100755 openclaw_bak_20260326_033001/migration/restore-from-github.sh
 create mode 100644 openclaw_bak_20260326_033001/system/crontab_20260326_033001.tar.gz
 create mode 100644 openclaw_bak_20260326_033001/system/crontab_20260326_033001.txt
 create mode 100755 openclaw_bak_20260326_033001/system/scripts/backup-manager.sh
 create mode 100644 openclaw_bak_20260326_033001/system/system_20260326_033001.tar.gz
 create mode 100644 openclaw_bak_20260326_033001/system/systemd_overrides_20260326_033001.tar.gz
fatal: could not read Username for 'https://github.com': No such device or address
[0;32m[INFO][0m ⚠ GitHub push failed (network or SSH key issue)
[0;32m[INFO][0m 生成备份趋势报告...
[0;32m[INFO][0m 趋势报告已生成：/root/.openclaw/backups-unified/logs/backup-trend-report.txt
[0;32m[INFO][0m Unified backup completed! Bundle: /root/.openclaw/backups-unified/openclaw_bak_20260326_033001 (graded retention: 7d/4w/12m)
[0;32m[INFO][0m Starting unified backup - openclaw_bak_20260327_033001 (type: full)
[0;32m[INFO][0m 备份 analysis (检测到变更)
[0;32m[INFO][0m 备份 assistant (检测到变更)
[0;32m[INFO][0m 备份 backup (检测到变更)
[0;32m[INFO][0m ⊘ 跳过 customer-service (无变更)
[0;32m[INFO][0m 备份 database-manager (检测到变更)
[0;32m[INFO][0m 备份 file-processor (检测到变更)
[0;32m[INFO][0m ⊘ 跳过 memory-manager (无变更)
[0;32m[INFO][0m 备份 monitoring (检测到变更)
[0;32m[INFO][0m ⊘ 跳过 server-maintenance (无变更)
[0;32m[INFO][0m ⊘ 跳过 main (无变更)
[0;32m[INFO][0m 备份身份认证和扩展配置...
[0;32m[INFO][0m ✓ identity/ 已备份
[0;32m[INFO][0m ✓ credentials/ 已备份
[0;32m[INFO][0m ✓ extensions/ 已备份（不含 node_modules）
[0;32m[INFO][0m ✓ SSH 密钥已备份
[0;32m[INFO][0m ✓ systemd 服务文件已备份
[0;32m[INFO][0m ✓ 迁移恢复脚本已备份
[0;32m[INFO][0m ✓ 迁移指南已备份
[0;32m[INFO][0m ✓ 恢复文档已备份
[0;32m[INFO][0m ✓ 迁移工具包已打包
[0;32m[INFO][0m 执行分级保留策略清理...
[0;32m[INFO][0m 保留策略：每日7份 + 每周4份 + 每月12份
[0;32m[INFO][0m 备份分类：每日8份，每周0份，每月0份
[0;32m[INFO][0m 清理 1 份超期的每日备份
[0;32m[INFO][0m 共删除 1 份备份
[0;32m[INFO][0m 删除：openclaw_bak_20260325_132045
[0;32m[INFO][0m Verifying backup integrity...
[0;32m[INFO][0m ✓ analysis_20260327_033001.tar.gz - OK
[0;32m[INFO][0m ✓ assistant_20260327_033001.tar.gz - OK
[0;32m[INFO][0m ✓ backup_20260327_033001.tar.gz - OK
[0;32m[INFO][0m ✓ database-manager_20260327_033001.tar.gz - OK
[0;32m[INFO][0m ✓ file-processor_20260327_033001.tar.gz - OK
[0;32m[INFO][0m ✓ monitoring_20260327_033001.tar.gz - OK
[0;32m[INFO][0m ✓ config_20260327_033001.tar.gz - OK
[0;32m[INFO][0m ✓ config_agent_master_20260327_033001.tar.gz - OK
[0;32m[INFO][0m ✓ credentials_20260327_033001.tar.gz - OK
[0;32m[INFO][0m ✓ extensions_20260327_033001.tar.gz - OK
[0;32m[INFO][0m ✓ identity_20260327_033001.tar.gz - OK
[0;32m[INFO][0m ✓ ssh_keys_20260327_033001.tar.gz - OK
[0;32m[INFO][0m ✓ systemd_services_20260327_033001.tar.gz - OK
[0;32m[INFO][0m ✓ memory_analysis_20260327_033001.tar.gz - OK
[0;32m[INFO][0m ✓ memory_assistant_20260327_033001.tar.gz - OK
[0;32m[INFO][0m ✓ memory_backup_20260327_033001.tar.gz - OK
[0;32m[INFO][0m ✓ memory_customer-service_20260327_033001.tar.gz - OK
[0;32m[INFO][0m ✓ memory_database-manager_20260327_033001.tar.gz - OK
[0;32m[INFO][0m ✓ memory_file-processor_20260327_033001.tar.gz - OK
[0;32m[INFO][0m ✓ memory_main_20260327_033001.tar.gz - OK
[0;32m[INFO][0m ✓ memory_master_20260327_033001.tar.gz - OK
[0;32m[INFO][0m ✓ memory_memory-manager_20260327_033001.tar.gz - OK
[0;32m[INFO][0m ✓ memory_monitoring_20260327_033001.tar.gz - OK
[0;32m[INFO][0m ✓ memory_server-maintenance_20260327_033001.tar.gz - OK
[0;32m[INFO][0m ✓ memory_shared_20260327_033001.tar.gz - OK
[0;32m[INFO][0m ✓ migration_scripts_20260327_033001.tar.gz - OK
[0;32m[INFO][0m ✓ crontab_20260327_033001.tar.gz - OK
[0;32m[INFO][0m ✓ system_20260327_033001.tar.gz - OK
[0;32m[INFO][0m ✓ systemd_overrides_20260327_033001.tar.gz - OK
[0;32m[INFO][0m 备份缓存已保存
[0;32m[INFO][0m 生成备份统计报告...
[0;32m[INFO][0m 统计报告已生成：/root/.openclaw/backups-unified/openclaw_bak_20260327_033001/backup-stats.json
[0;32m[INFO][0m Generating checksum manifest...
[0;32m[INFO][0m Backup verification PASSED: All files intact
[main 14ecf27] 📦 Backup bundle: openclaw_bak_20260327_033001 (graded retention: 7d/4w/12m)
 77 files changed, 5484 insertions(+)
 create mode 100644 openclaw_bak_20260326_113338/agents/analysis_20260326_113338.tar.gz
 create mode 100644 openclaw_bak_20260326_113338/agents/assistant_20260326_113338.tar.gz
 create mode 100644 openclaw_bak_20260326_113338/agents/customer-service_20260326_113338.tar.gz
 create mode 100644 openclaw_bak_20260326_113338/agents/database-manager_20260326_113338.tar.gz
 create mode 100644 openclaw_bak_20260326_113338/agents/file-processor_20260326_113338.tar.gz
 create mode 100644 openclaw_bak_20260326_113338/agents/memory-manager_20260326_113338.tar.gz
 create mode 100644 openclaw_bak_20260326_113338/agents/server-maintenance_20260326_113338.tar.gz
 create mode 100644 openclaw_bak_20260326_113338/backup-stats.json
 create mode 100644 openclaw_bak_20260326_113338/checksums.sha256
 create mode 100644 openclaw_bak_20260326_113338/config/.backup_cache.json
 create mode 100755 openclaw_bak_20260326_113338/config/backup-manager.sh
 create mode 100644 openclaw_bak_20260326_113338/config/config_20260326_113338.tar.gz
 create mode 100644 openclaw_bak_20260326_113338/config/config_agent_master_20260326_113338.tar.gz
 create mode 100644 openclaw_bak_20260326_113338/identity/credentials_20260326_113338.tar.gz
 create mode 100644 openclaw_bak_20260326_113338/identity/extensions_20260326_113338.tar.gz
 create mode 100644 openclaw_bak_20260326_113338/identity/identity_20260326_113338.tar.gz
 create mode 100644 openclaw_bak_20260326_113338/identity/ssh_keys_20260326_113338.tar.gz
 create mode 100644 openclaw_bak_20260326_113338/identity/systemd_services_20260326_113338.tar.gz
 create mode 100644 openclaw_bak_20260326_113338/memory/memory_analysis_20260326_113338.tar.gz
 create mode 100644 openclaw_bak_20260326_113338/memory/memory_assistant_20260326_113338.tar.gz
 create mode 100644 openclaw_bak_20260326_113338/memory/memory_backup_20260326_113338.tar.gz
 create mode 100644 openclaw_bak_20260326_113338/memory/memory_customer-service_20260326_113338.tar.gz
 create mode 100644 openclaw_bak_20260326_113338/memory/memory_database-manager_20260326_113338.tar.gz
 create mode 100644 openclaw_bak_20260326_113338/memory/memory_file-processor_20260326_113338.tar.gz
 create mode 100644 openclaw_bak_20260326_113338/memory/memory_main_20260326_113338.tar.gz
 create mode 100644 openclaw_bak_20260326_113338/memory/memory_master_20260326_113338.tar.gz
 create mode 100644 openclaw_bak_20260326_113338/memory/memory_memory-manager_20260326_113338.tar.gz
 create mode 100644 openclaw_bak_20260326_113338/memory/memory_monitoring_20260326_113338.tar.gz
 create mode 100644 openclaw_bak_20260326_113338/memory/memory_server-maintenance_20260326_113338.tar.gz
 create mode 100644 openclaw_bak_20260326_113338/memory/memory_shared_20260326_113338.tar.gz
 create mode 100644 openclaw_bak_20260326_113338/migration/MIGRATION-README.md
 create mode 100644 openclaw_bak_20260326_113338/migration/RESTORE.md
 create mode 100644 openclaw_bak_20260326_113338/migration/migration_scripts_20260326_113338.tar.gz
 create mode 100755 openclaw_bak_20260326_113338/migration/restore-from-github.sh
 create mode 100644 openclaw_bak_20260326_113338/system/crontab_20260326_113338.tar.gz
 create mode 100644 openclaw_bak_20260326_113338/system/crontab_20260326_113338.txt
 create mode 100755 openclaw_bak_20260326_113338/system/scripts/backup-manager.sh
 create mode 100644 openclaw_bak_20260326_113338/system/system_20260326_113338.tar.gz
 create mode 100644 openclaw_bak_20260326_113338/system/systemd_overrides_20260326_113338.tar.gz
 create mode 100644 openclaw_bak_20260327_033001/agents/analysis_20260327_033001.tar.gz
 create mode 100644 openclaw_bak_20260327_033001/agents/assistant_20260327_033001.tar.gz
 create mode 100644 openclaw_bak_20260327_033001/agents/backup_20260327_033001.tar.gz
 create mode 100644 openclaw_bak_20260327_033001/agents/database-manager_20260327_033001.tar.gz
 create mode 100644 openclaw_bak_20260327_033001/agents/file-processor_20260327_033001.tar.gz
 create mode 100644 openclaw_bak_20260327_033001/agents/monitoring_20260327_033001.tar.gz
 create mode 100644 openclaw_bak_20260327_033001/backup-stats.json
 create mode 100644 openclaw_bak_20260327_033001/checksums.sha256
 create mode 100644 openclaw_bak_20260327_033001/config/.backup_cache.json
 create mode 100755 openclaw_bak_20260327_033001/config/backup-manager.sh
 create mode 100644 openclaw_bak_20260327_033001/config/config_20260327_033001.tar.gz
 create mode 100644 openclaw_bak_20260327_033001/config/config_agent_master_20260327_033001.tar.gz
 create mode 100644 openclaw_bak_20260327_033001/identity/credentials_20260327_033001.tar.gz
 create mode 100644 openclaw_bak_20260327_033001/identity/extensions_20260327_033001.tar.gz
 create mode 100644 openclaw_bak_20260327_033001/identity/identity_20260327_033001.tar.gz
 create mode 100644 openclaw_bak_20260327_033001/identity/ssh_keys_20260327_033001.tar.gz
 create mode 100644 openclaw_bak_20260327_033001/identity/systemd_services_20260327_033001.tar.gz
 create mode 100644 openclaw_bak_20260327_033001/memory/memory_analysis_20260327_033001.tar.gz
 create mode 100644 openclaw_bak_20260327_033001/memory/memory_assistant_20260327_033001.tar.gz
 create mode 100644 openclaw_bak_20260327_033001/memory/memory_backup_20260327_033001.tar.gz
 create mode 100644 openclaw_bak_20260327_033001/memory/memory_customer-service_20260327_033001.tar.gz
 create mode 100644 openclaw_bak_20260327_033001/memory/memory_database-manager_20260327_033001.tar.gz
 create mode 100644 openclaw_bak_20260327_033001/memory/memory_file-processor_20260327_033001.tar.gz
 create mode 100644 openclaw_bak_20260327_033001/memory/memory_main_20260327_033001.tar.gz
 create mode 100644 openclaw_bak_20260327_033001/memory/memory_master_20260327_033001.tar.gz
 create mode 100644 openclaw_bak_20260327_033001/memory/memory_memory-manager_20260327_033001.tar.gz
 create mode 100644 openclaw_bak_20260327_033001/memory/memory_monitoring_20260327_033001.tar.gz
 create mode 100644 openclaw_bak_20260327_033001/memory/memory_server-maintenance_20260327_033001.tar.gz
 create mode 100644 openclaw_bak_20260327_033001/memory/memory_shared_20260327_033001.tar.gz
 create mode 100644 openclaw_bak_20260327_033001/migration/MIGRATION-README.md
 create mode 100644 openclaw_bak_20260327_033001/migration/RESTORE.md
 create mode 100644 openclaw_bak_20260327_033001/migration/migration_scripts_20260327_033001.tar.gz
 create mode 100755 openclaw_bak_20260327_033001/migration/restore-from-github.sh
 create mode 100644 openclaw_bak_20260327_033001/system/crontab_20260327_033001.tar.gz
 create mode 100644 openclaw_bak_20260327_033001/system/crontab_20260327_033001.txt
 create mode 100755 openclaw_bak_20260327_033001/system/scripts/backup-manager.sh
 create mode 100644 openclaw_bak_20260327_033001/system/system_20260327_033001.tar.gz
 create mode 100644 openclaw_bak_20260327_033001/system/systemd_overrides_20260327_033001.tar.gz
fatal: could not read Username for 'https://github.com': No such device or address
[0;32m[INFO][0m ⚠ GitHub push failed (network or SSH key issue)
[0;32m[INFO][0m 生成备份趋势报告...
[0;32m[INFO][0m 趋势报告已生成：/root/.openclaw/backups-unified/logs/backup-trend-report.txt
[0;32m[INFO][0m Unified backup completed! Bundle: /root/.openclaw/backups-unified/openclaw_bak_20260327_033001 (graded retention: 7d/4w/12m)
